<?xml version="1.0" encoding="UTF-8"?>
<!-- Generated by org.testng.reporters.JUnitReportReporter -->
<testsuite hostname="Itctesting08" failures="0" tests="3" name="TestNGDataPro.Registration" time="17.708" errors="0" timestamp="2022-07-08T13:57:07 GMT+05:30" skipped="0">
  <testcase classname="TestNGDataPro.Registration" name="reg4" time="4.777"/>
  <system-out/>
  <testcase classname="TestNGDataPro.Registration" name="reg4" time="7.770"/>
  <system-out/>
  <testcase classname="TestNGDataPro.Registration" name="reg4" time="5.161"/>
  <system-out/>
</testsuite> <!-- TestNGDataPro.Registration -->
