<?xml version="1.0" encoding="UTF-8"?>
<!-- Generated by org.testng.reporters.JUnitReportReporter -->
<testsuite hostname="Itctesting08" failures="0" tests="3" name="TestNgPro.RegisterTestNGPro" time="24.564" errors="0" timestamp="2022-07-05T21:11:53 GMT+05:30" skipped="0">
  <testcase classname="TestNgPro.RegisterTestNGPro" name="Registerinvalid2" time="9.595"/>
  <system-out/>
  <testcase classname="TestNgPro.RegisterTestNGPro" name="Register" time="7.421"/>
  <system-out/>
  <testcase classname="TestNgPro.RegisterTestNGPro" name="Registerinvalid1" time="7.548"/>
  <system-out/>
</testsuite> <!-- TestNgPro.RegisterTestNGPro -->
