<?xml version="1.0" encoding="UTF-8"?>
<!-- Generated by org.testng.reporters.JUnitReportReporter -->
<testsuite hostname="Itctesting08" failures="0" tests="3" name="TestNGDataPro.Booking" time="15.517" errors="0" timestamp="2022-07-08T13:59:28 GMT+05:30" skipped="0">
  <testcase classname="TestNGDataPro.Booking" name="booking3" time="4.537"/>
  <system-out/>
  <testcase classname="TestNGDataPro.Booking" name="booking3" time="4.507"/>
  <system-out/>
  <testcase classname="TestNGDataPro.Booking" name="booking3" time="6.473"/>
  <system-out/>
</testsuite> <!-- TestNGDataPro.Booking -->
