<?xml version="1.0" encoding="UTF-8"?>
<!-- Generated by org.testng.reporters.JUnitReportReporter -->
<testsuite hostname="Itctesting08" failures="0" tests="3" name="TestNgPro.LoginTestNGPro" time="19.544" errors="0" timestamp="2022-07-06T19:08:29 GMT+05:30" skipped="0">
  <testcase classname="TestNgPro.LoginTestNGPro" name="Login" time="5.888"/>
  <system-out/>
  <testcase classname="TestNgPro.LoginTestNGPro" name="LoginInvalid1" time="5.928"/>
  <system-out/>
  <testcase classname="TestNgPro.LoginTestNGPro" name="LoginInvalid2" time="7.728"/>
  <system-out/>
</testsuite> <!-- TestNgPro.LoginTestNGPro -->
