<?xml version="1.0" encoding="UTF-8"?>
<!-- Generated by org.testng.reporters.JUnitReportReporter -->
<testsuite hostname="Itctesting08" failures="0" tests="2" name="TestNgPro.BookingTestNGPro" time="11.319" errors="0" timestamp="2022-07-07T17:53:13 GMT+05:30" skipped="0">
  <testcase classname="TestNgPro.BookingTestNGPro" name="Booking" time="4.985"/>
  <system-out/>
  <testcase classname="TestNgPro.BookingTestNGPro" name="Bookinginvalid1" time="6.334"/>
  <system-out/>
</testsuite> <!-- TestNgPro.BookingTestNGPro -->
