<?xml version="1.0" encoding="UTF-8"?>
<!-- Generated by org.testng.reporters.JUnitReportReporter -->
<testsuite hostname="Itctesting08" failures="0" tests="4" name="TestNGDataPro.Login" time="25.912" errors="0" timestamp="2022-07-08T13:54:48 GMT+05:30" skipped="0">
  <testcase classname="TestNGDataPro.Login" name="Loginvalid" time="8.313"/>
  <system-out/>
  <testcase classname="TestNGDataPro.Login" name="Loginvalid" time="5.836"/>
  <system-out/>
  <testcase classname="TestNGDataPro.Login" name="Loginvalid" time="5.863"/>
  <system-out/>
  <testcase classname="TestNGDataPro.Login" name="Loginvalid" time="5.900"/>
  <system-out/>
</testsuite> <!-- TestNGDataPro.Login -->
